1 111.0
2 110.0
3 112.0
4 111.0
5 109.0
6 110.0
7 110.0
8 110.0
9 111.0
10 111.0
11 110.0
12 111.0
13 111.0
14 110.0
15 111.0
16 110.0
17 112.0
18 112.0
19 111.0
20 112.0
21 109.0
22 110.0
23 110.0
24 112.0
25 110.0
1 113.0
2 111.0
3 112.0
4 112.0
5 112.0
6 110.0
7 110.0
8 111.0
9 112.0
10 111.0
11 111.0
12 112.0
1 113.0
2 110.0
3 111.0
4 112.0
5 112.0
6 112.0
7 112.0
8 112.0
9 114.0
10 110.0
11 112.0
12 111.0
13 110.0
14 113.0
1 111.0
2 111.0
3 110.0
4 112.0
5 111.0
6 111.0
7 113.0
8 112.0
9 112.0
1 110.0
2 112.0
3 112.0
4 110.0
5 112.0
6 111.0
7 112.0
8 112.0
9 112.0
10 110.0
11 111.0
12 111.0
13 111.0
14 111.0
15 112.0
16 112.0
17 110.0
18 110.0
19 110.0
20 113.0
21 112.0
1 111.0
2 112.0
3 114.0
4 110.0
5 111.0
6 111.0
7 110.0
8 112.0
1 111.0
2 110.0
3 111.0
4 112.0
5 111.0
1 111.0
2 112.0
3 111.0
4 111.0
5 112.0
6 110.0
7 111.0
8 112.0
9 110.0
10 112.0
11 112.0
12 111.0
13 111.0
14 111.0
15 111.0
16 112.0
17 115.0
18 112.0
19 112.0
20 112.0
21 111.0
22 111.0
23 110.0
24 112.0
25 112.0
26 112.0
27 111.0
28 110.0
29 110.0
30 112.0
31 112.0
32 111.0
33 111.0
34 110.0
35 113.0
36 111.0
37 112.0
38 111.0
39 111.0
40 110.0
41 111.0
