1 81.7
2 85.3
3 87.7
4 83.0
5 80.5
6 86.0
7 83.4
8 83.5
9 93.1
10 83.9
11 81.6
12 81.6
13 81.4
14 87.8
15 82.9
16 81.2
17 81.9
18 82.5
19 83.0
20 80.0
21 83.1
22 81.6
23 81.7
24 83.2
25 81.9
1 83.0
2 84.9
3 83.9
4 84.2
5 83.7
6 84.1
7 84.6
8 84.9
9 85.4
10 84.8
11 84.2
12 83.8
1 85.3
2 84.1
3 84.8
4 87.9
5 82.8
6 82.9
7 82.8
8 85.1
9 84.6
10 84.3
11 83.8
12 84.6
13 83.0
14 84.8
15 83.0
1 84.0
2 84.7
3 84.9
4 84.2
5 83.9
6 83.1
7 83.1
8 85.3
9 84.3
1 86.9
2 84.0
3 84.7
4 85.0
5 84.2
6 85.1
7 84.8
8 84.0
9 83.5
10 83.9
11 83.8
12 84.8
13 84.3
14 82.9
15 82.8
16 83.8
17 83.5
18 85.6
19 84.1
20 90.0
21 84.8
1 83.1
2 88.3
3 86.8
4 86.6
5 85.2
6 84.1
7 85.8
8 88.4
1 84.6
2 84.1
3 84.8
4 85.0
5 84.5
1 85.4
2 83.8
3 84.5
4 86.2
5 90.0
6 83.3
7 82.7
8 88.2
9 83.2
10 84.4
11 84.6
12 84.1
13 85.0
14 85.1
15 84.2
16 83.6
17 85.3
18 85.6
19 82.9
20 83.5
21 85.2
22 83.3
23 83.1
24 83.6
25 84.7
26 84.8
27 83.5
28 83.2
29 85.4
30 84.9
31 84.6
32 84.1
33 83.3
34 83.3
35 85.0
36 83.9
37 84.5
38 85.7
39 84.0
40 82.7
41 84.9
42 83.1
