1 84.3
2 83.1
3 83.1
4 86.1
5 83.6
6 83.0
7 86.8
8 81.6
9 90.7
10 82.4
11 85.1
12 85.0
13 83.9
14 82.9
15 83.3
16 82.6
17 84.7
18 83.4
19 84.1
20 84.0
21 82.3
22 82.7
23 82.9
24 84.0
25 82.5
1 77.8
2 77.5
3 77.9
4 78.3
5 79.6
6 79.7
7 77.2
8 77.9
9 78.5
10 77.8
11 78.2
12 77.6
1 82.0
2 77.5
3 79.1
4 78.4
5 78.6
6 79.3
7 78.8
8 78.5
9 78.0
10 76.9
11 79.6
12 79.1
13 78.7
14 78.4
15 79.0
1 82.0
2 78.6
3 77.6
4 79.5
5 78.2
6 78.1
7 77.4
8 77.8
9 79.1
1 79.7
2 80.8
3 81.7
4 80.4
5 81.1
6 81.5
7 82.7
8 79.7
9 80.1
10 80.5
11 81.2
12 81.1
13 79.4
14 79.3
15 80.0
16 79.2
17 79.4
18 80.1
19 79.8
20 79.3
21 81.0
1 81.9
2 80.0
3 80.4
4 80.8
5 85.7
6 81.8
7 79.4
8 80.1
1 81.3
2 77.3
3 77.4
4 77.9
5 77.4
1 85.9
2 85.3
3 83.0
4 79.9
5 81.0
6 81.9
7 79.3
8 79.8
9 80.7
10 79.7
11 78.7
12 79.1
13 80.2
14 79.0
15 80.7
16 81.4
17 79.7
18 79.4
19 79.4
20 81.6
21 80.1
22 80.3
23 79.6
24 79.1
25 79.1
26 81.2
27 80.5
28 80.2
29 79.4
30 79.2
31 78.7
32 80.9
33 80.4
34 80.9
35 79.6
36 81.6
37 80.6
38 82.4
39 78.7
40 80.9
41 80.8
42 80.8
